<?xml version="1.0" encoding="UTF-8"?>
<!-- Generated by org.testng.reporters.JUnitReportReporter -->
<testsuite hostname="DESKTOP-LRH7MQE" failures="0" tests="1" name="selenium.AP1" time="34.266" errors="0" timestamp="2022-09-28T15:32:27 IST" skipped="0">
  <testcase classname="selenium.AP1" name="f" time="34.266"/>
</testsuite> <!-- selenium.AP1 -->
