<?xml version="1.0" encoding="UTF-8"?>
<!-- Generated by org.testng.reporters.JUnitReportReporter -->
<testsuite hostname="DESKTOP-LRH7MQE" failures="0" tests="1" name="selenium.NewTestDemo" time="12.185" errors="0" timestamp="2022-09-28T15:43:12 IST" skipped="0">
  <testcase classname="selenium.NewTestDemo" name="test" time="12.185"/>
</testsuite> <!-- selenium.NewTestDemo -->
