<?xml version="1.0" encoding="UTF-8"?>
<!-- Generated by org.testng.reporters.JUnitReportReporter -->
<testsuite hostname="DESKTOP-LRH7MQE" failures="0" tests="1" name="selenium.ScreenShotTest" time="12.553" errors="0" timestamp="2022-09-28T16:02:57 IST" skipped="0">
  <testcase classname="selenium.ScreenShotTest" name="f" time="12.553"/>
</testsuite> <!-- selenium.ScreenShotTest -->
